2025-12-28 20:14:02 ===> Starting BLIT pipeline 

2025-12-28 20:14:02 ===> Log file: /data/home/dingjia/BLIT-pipeline/run_pipeline.log 

2025-12-28 20:14:02 ===> Pipeline directory: /data/home/dingjia/BLIT-pipeline 

2025-12-28 20:14:02 ===> Parameters: 

2025-12-28 20:14:02 ===>   Input directory: /data/home/dingjia/blit_fastp 

2025-12-28 20:14:02 ===>   Output directory: /data/home/dingjia/blit_test/RNA_phs003316/result 

2025-12-28 20:14:02 ===>   Threads: 40 

2025-12-28 20:14:02 ===>   Config file: /data/home/dingjia/BLIT-pipeline/config.sh 

2025-12-28 20:14:02 ===>   Sample list file: /data/home/dingjia/BLIT-pipeline/run_batch_from_qc/PHS003316/PHS003316.txt 

2025-12-28 20:14:02 ===> ✓ Input directory exists: /data/home/dingjia/blit_fastp 

2025-12-28 20:14:02 ===> ✓ Output parent directory exists: /data/home/dingjia/blit_test/RNA_phs003316 

2025-12-28 20:14:02 ===> ✓ Config file exists: /data/home/dingjia/BLIT-pipeline/config.sh 

2025-12-28 20:14:02 ===> Step 0: Preparing references and indexes 

2025-12-28 20:14:02 ===> Running prepare_circexplorer.sh... 

2025-12-28 20:14:03 ===> ✓ prepare_circexplorer.sh completed 

2025-12-28 20:14:03 ===> Running prepare_index.sh... 

2025-12-28 20:14:04 ===> ✓ prepare_index.sh completed 

2025-12-28 20:14:04 ===> Running prepare_fastp.sh... 

2025-12-28 20:14:05 ===> ✓ prepare_fastp.sh completed 

2025-12-28 20:14:05 ===> Step 1: Generating sample list 

2025-12-28 20:14:05 ===> Running ll_fq.py to list fastq files... 

2025-12-28 20:14:05 ===> ✓ Sample list generated: 10 samples found 

2025-12-28 20:14:05 ===> Sample list content: SRR25103040, SRR25103042, SRR25103044, SRR25103059, SRR25103062, SRR25103074 

2025-12-28 20:14:05 ===> Step 2: Running circRNA detection tools 

2025-12-28 20:14:05 ===> Available tools: CIRIquant, FindCirc, Circexplorer2, circRNA_finder 

2025-12-28 20:14:05 ===> ✓ CIRIquant script exists: /data/home/dingjia/BLIT-pipeline/CIRIquant/CIRIquant.sh 

2025-12-28 20:14:05 ===> ✓ FindCirc script exists: /data/home/dingjia/BLIT-pipeline/FindCirc/FindCirc.sh 

2025-12-28 20:14:05 ===> ✓ Circexplorer2 script exists: /data/home/dingjia/BLIT-pipeline/Circexplorer2/Circexplorer2.sh 

2025-12-28 20:14:05 ===> ✓ circRNA_finder script exists: /data/home/dingjia/BLIT-pipeline/circRNA_finder/circRNA_finder.sh 

2025-12-28 20:14:05 ===> Thread configuration: 

2025-12-28 20:14:05 ===>   Threads per job: 4 

2025-12-28 20:14:05 ===>   Parallel jobs: 10 

2025-12-28 20:14:05 ===> Creating tasks for 10 samples × 4 tools = 40 total tasks 

2025-12-28 20:14:05 ===> Task 1: SRR25103040 - CIRIquant 

2025-12-28 20:14:05 ===> Task 2: SRR25103040 - FindCirc 

2025-12-28 20:14:05 ===> Task 3: SRR25103040 - Circexplorer2 

2025-12-28 20:14:05 ===> Task 4: SRR25103040 - circRNA_finder 

2025-12-28 20:14:05 ===> Task 5: SRR25103042 - CIRIquant 

2025-12-28 20:14:05 ===> Task 6: SRR25103042 - FindCirc 

2025-12-28 20:14:05 ===> Task 7: SRR25103042 - Circexplorer2 

2025-12-28 20:14:05 ===> Task 8: SRR25103042 - circRNA_finder 

2025-12-28 20:14:05 ===> Task 9: SRR25103044 - CIRIquant 

2025-12-28 20:14:05 ===> Task 10: SRR25103044 - FindCirc 

2025-12-28 20:14:05 ===> Task 11: SRR25103044 - Circexplorer2 

2025-12-28 20:14:05 ===> Task 12: SRR25103044 - circRNA_finder 

2025-12-28 20:14:05 ===> Task 13: SRR25103059 - CIRIquant 

2025-12-28 20:14:05 ===> Task 14: SRR25103059 - FindCirc 

2025-12-28 20:14:05 ===> Task 15: SRR25103059 - Circexplorer2 

2025-12-28 20:14:05 ===> Task 16: SRR25103059 - circRNA_finder 

2025-12-28 20:14:05 ===> Task 17: SRR25103062 - CIRIquant 

2025-12-28 20:14:05 ===> Task 18: SRR25103062 - FindCirc 

2025-12-28 20:14:05 ===> Task 19: SRR25103062 - Circexplorer2 

2025-12-28 20:14:05 ===> Task 20: SRR25103062 - circRNA_finder 

2025-12-28 20:14:05 ===> Task 21: SRR25103074 - CIRIquant 

2025-12-28 20:14:05 ===> Task 22: SRR25103074 - FindCirc 

2025-12-28 20:14:05 ===> Task 23: SRR25103074 - Circexplorer2 

2025-12-28 20:14:05 ===> Task 24: SRR25103074 - circRNA_finder 

2025-12-28 20:14:05 ===> Task 25: SRR25103076 - CIRIquant 

2025-12-28 20:14:05 ===> Task 26: SRR25103076 - FindCirc 

2025-12-28 20:14:05 ===> Task 27: SRR25103076 - Circexplorer2 

2025-12-28 20:14:05 ===> Task 28: SRR25103076 - circRNA_finder 

2025-12-28 20:14:05 ===> Task 29: SRR25103078 - CIRIquant 

2025-12-28 20:14:05 ===> Task 30: SRR25103078 - FindCirc 

2025-12-28 20:14:05 ===> Task 31: SRR25103078 - Circexplorer2 

2025-12-28 20:14:05 ===> Task 32: SRR25103078 - circRNA_finder 

2025-12-28 20:14:05 ===> Task 33: SRR25103086 - CIRIquant 

2025-12-28 20:14:05 ===> Task 34: SRR25103086 - FindCirc 

2025-12-28 20:14:05 ===> Task 35: SRR25103086 - Circexplorer2 

2025-12-28 20:14:05 ===> Task 36: SRR25103086 - circRNA_finder 

2025-12-28 20:14:05 ===> Task 37: SRR25103092 - CIRIquant 

2025-12-28 20:14:05 ===> Task 38: SRR25103092 - FindCirc 

2025-12-28 20:14:05 ===> Task 39: SRR25103092 - Circexplorer2 

2025-12-28 20:14:05 ===> Task 40: SRR25103092 - circRNA_finder 

2025-12-28 20:14:05 ===> Starting circRNA analysis with 40 tasks... 

2025-12-28 20:14:05 ===> Parallel jobs: 10 

2025-12-28 20:14:05 ===> This may take several hours to complete. 

2025-12-28 20:14:05 ===> Start time: 2025-12-28 20:14:05 

2025-12-28 20:14:05 ===> Task logs will be saved to: /data/home/dingjia/blit_test/RNA_phs003316/result/task_logs 

2025-12-28 20:15:27 ===> All circRNA tools completed! 

2025-12-28 20:15:27 ===> End time: 2025-12-28 20:15:27 

2025-12-28 20:15:27 ===> Total duration: 0.02 hours 

2025-12-28 20:15:27 ===> Checking output files... 

2025-12-28 20:15:27 ===> ✗ SRR25103040 - CIRIquant: output not found 

2025-12-28 20:15:27 ===> ✗ SRR25103040 - FindCirc: output not found 

2025-12-28 20:15:27 ===> ✗ SRR25103040 - Circexplorer2: output not found 

2025-12-28 20:15:27 ===> ✗ SRR25103040 - circRNA_finder: output not found 

2025-12-28 20:15:27 ===> ✗ SRR25103042 - CIRIquant: output not found 

2025-12-28 20:15:27 ===> ✗ SRR25103042 - FindCirc: output not found 

2025-12-28 20:15:27 ===> ✗ SRR25103042 - Circexplorer2: output not found 

2025-12-28 20:15:27 ===> ✗ SRR25103042 - circRNA_finder: output not found 

2025-12-28 20:15:27 ===> ✗ SRR25103044 - CIRIquant: output not found 

2025-12-28 20:15:27 ===> ✗ SRR25103044 - FindCirc: output not found 

2025-12-28 20:15:27 ===> ✗ SRR25103044 - Circexplorer2: output not found 

2025-12-28 20:15:27 ===> ✗ SRR25103044 - circRNA_finder: output not found 

2025-12-28 20:15:27 ===> ✗ SRR25103059 - CIRIquant: output not found 

2025-12-28 20:15:27 ===> ✗ SRR25103059 - FindCirc: output not found 

2025-12-28 20:15:27 ===> ✗ SRR25103059 - Circexplorer2: output not found 

2025-12-28 20:15:27 ===> ✗ SRR25103059 - circRNA_finder: output not found 

2025-12-28 20:15:27 ===> ✗ SRR25103062 - CIRIquant: output not found 

2025-12-28 20:15:27 ===> ✗ SRR25103062 - FindCirc: output not found 

2025-12-28 20:15:27 ===> ✗ SRR25103062 - Circexplorer2: output not found 

2025-12-28 20:15:27 ===> ✗ SRR25103062 - circRNA_finder: output not found 

2025-12-28 20:15:27 ===> ✗ SRR25103074 - CIRIquant: output not found 

2025-12-28 20:15:27 ===> ✗ SRR25103074 - FindCirc: output not found 

2025-12-28 20:15:27 ===> ✗ SRR25103074 - Circexplorer2: output not found 

2025-12-28 20:15:27 ===> ✗ SRR25103074 - circRNA_finder: output not found 

2025-12-28 20:15:27 ===> ✗ SRR25103076 - CIRIquant: output not found 

2025-12-28 20:15:27 ===> ✗ SRR25103076 - FindCirc: output not found 

2025-12-28 20:15:27 ===> ✗ SRR25103076 - Circexplorer2: output not found 

2025-12-28 20:15:27 ===> ✗ SRR25103076 - circRNA_finder: output not found 

2025-12-28 20:15:27 ===> ✗ SRR25103078 - CIRIquant: output not found 

2025-12-28 20:15:27 ===> ✗ SRR25103078 - FindCirc: output not found 

2025-12-28 20:15:27 ===> ✗ SRR25103078 - Circexplorer2: output not found 

2025-12-28 20:15:27 ===> ✗ SRR25103078 - circRNA_finder: output not found 

2025-12-28 20:15:27 ===> ✗ SRR25103086 - CIRIquant: output not found 

2025-12-28 20:15:27 ===> ✗ SRR25103086 - FindCirc: output not found 

2025-12-28 20:15:27 ===> ✗ SRR25103086 - Circexplorer2: output not found 

2025-12-28 20:15:27 ===> ✗ SRR25103086 - circRNA_finder: output not found 

2025-12-28 20:15:27 ===> ✗ SRR25103092 - CIRIquant: output not found 

2025-12-28 20:15:27 ===> ✗ SRR25103092 - FindCirc: output not found 

2025-12-28 20:15:27 ===> ✗ SRR25103092 - Circexplorer2: output not found 

2025-12-28 20:15:27 ===> ⚠ SRR25103092 - circRNA_finder: output exists but is empty 

2025-12-28 20:15:27 ===> Pipeline completed successfully! 

2025-12-28 20:15:27 ===> Now you can run the aggregation step. 

2025-12-28 20:15:27 ===> Run: Rscript /data/home/dingjia/BLIT-pipeline/aggr/aggr_beds.R /data/home/dingjia/blit_test/RNA_phs003316/result /data/home/dingjia/blit_test/RNA_phs003316/result/aggr 

2025-12-28 20:15:27 ===> === Final Status Report === 

2025-12-28 20:15:27 ===> Log file: /data/home/dingjia/BLIT-pipeline/run_pipeline.log 

2025-12-28 20:15:27 ===> Output directory: /data/home/dingjia/blit_test/RNA_phs003316/result 

2025-12-28 20:15:27 ===> Task logs: /data/home/dingjia/blit_test/RNA_phs003316/result/task_logs 

2025-12-28 20:15:27 ===> To run aggregation: Rscript /data/home/dingjia/BLIT-pipeline/aggr/aggr_beds.R /data/home/dingjia/blit_test/RNA_phs003316/result /data/home/dingjia/blit_test/RNA_phs003316/result/aggr 

